<?xml version="1.0" encoding="UTF-8"?>
<!-- Generated by org.testng.reporters.JUnitReportReporter -->
<testsuite hostname="LAPTOP-1JTSJ7UB" failures="0" tests="2" name="com.zimamoin.org.trainingsession.NewTest" time="0.009" errors="0" timestamp="2024-04-13T11:09:46 EDT" skipped="0">
  <testcase classname="com.zimamoin.org.trainingsession.NewTest" name="f" time="0.006"/>
  <testcase classname="com.zimamoin.org.trainingsession.NewTest" name="testsecond" time="0.003"/>
</testsuite> <!-- com.zimamoin.org.trainingsession.NewTest -->
